[2020/1/2 - 11:22:4] Registros: Lucas Becerra ha creado la casa ID 0.
[2020/1/2 - 11:22:14] Registros: Lucas Becerra ha creado la casa ID 1.
[2020/1/2 - 11:22:24] Registros: Lucas Becerra ha creado la casa ID 2.
[2020/1/2 - 11:22:30] Registros: Lucas Becerra ha creado la casa ID 3.
[2020/1/3 - 1:26:11] Registros: Lucas Becerra ha creado la casa ID 4.
[2020/1/3 - 1:26:30]  Administrator Lucas Becerra ha suprimido su casa ranura 1.
[2020/1/3 - 1:26:38] Registros: Lucas Becerra ha creado la casa ID 4.
[2020/1/4 - 5:33:44] Registros: Annie ha creado la casa ID 5.
[2020/1/4 - 5:34:11]  Administrator Annie ha suprimido su casa ranura 1.
[2020/1/4 - 7:5:30] Registros: Templario ha creado la casa ID 5.
[2020/1/4 - 7:8:26] Registros: Templario ha creado la casa ID 6.
[2020/1/21 - 7:20:27] Registros: Lucas Becerra ha creado la casa ID 7.
[2020/2/8 - 5:45:53] Registros: Lucas Becerra ha creado la casa ID 8.
[2020/2/8 - 5:47:44] 
[2020/2/8 - 5:51:56] Registros: Lucas Becerra ha creado la casa ID 8.
[2020/2/22 - 19:40:48] Registros: Lucas Buenardo ha creado la casa ID 9.
[2020/2/24 - 15:23:21]  Administrator Annie Foster ha suprimido su casa ranura 1.
[2020/2/24 - 16:6:34]  Administrator Lucas Buenardo ha suprimido su casa ranura 2.
[2020/2/24 - 16:12:8] 
[2020/2/24 - 16:12:37] Registros: Lucas Buenardo ha creado la casa ID 4.
[2020/2/24 - 16:13:15] 
[2020/2/24 - 16:13:23] Registros: Lucas Buenardo ha creado la casa ID 4.
[2020/2/24 - 16:13:46]  Administrator Lucas Buenardo ha suprimido su casa ranura 2.
[2020/2/24 - 16:13:55] Registros: Lucas Buenardo ha creado la casa ID 4.
[2020/2/24 - 16:14:37]  Administrator Lucas Buenardo ha suprimido su casa ranura 2.
[2020/2/24 - 16:14:39] Registros: Lucas Buenardo ha creado la casa ID 4.
[2020/2/24 - 16:16:3] Registros: Lucas Buenardo ha creado la casa ID 5.
[2020/2/24 - 16:16:12]  Administrator Lucas Buenardo ha suprimido su casa ranura 1.
[2020/3/7 - 4:26:47] Registros: Patricia Valor ha creado la casa ID 5.
[2020/3/7 - 4:32:23]  Administrator Patricia Valor ha suprimido su casa ranura 1.
[2020/3/7 - 9:7:4] 
[2020/3/7 - 9:7:13] Registros: Patricia Valor ha creado la casa ID 5.
[2020/3/7 - 11:29:26] Registros: Patricia Valor ha creado la casa ID 7.
[2020/3/7 - 11:29:59] Registros: Patricia Valor ha creado la casa ID 9.
[2020/8/7 - 12:42:28] Registros: Jose Oviedo ha creado la casa ID 0.
[2020/8/7 - 12:43:14] Registros: Jose Oviedo ha creado la casa ID 1.
[2020/8/7 - 12:44:58] Registros: Jose Oviedo ha creado la casa ID 2.
[2020/8/19 - 8:29:10] Registros: Jose Oviedo ha creado la casa ID 3.
[2020/8/19 - 8:29:49] Registros: Jose Oviedo ha creado la casa ID 4.
[2020/8/19 - 8:29:50] Registros: Jose Oviedo ha creado la casa ID 5.
[2020/8/19 - 8:29:55] Registros: Jose Oviedo ha creado la casa ID 6.
[2020/8/19 - 8:32:21] Registros: Jose Oviedo ha creado la casa ID 7.
[2020/8/19 - 8:34:28] Registros: Jose Oviedo ha creado la casa ID 8.
[2020/8/20 - 23:37:50] Registros: Jose Oviedo ha creado la casa ID 9.
[2020/9/1 - 21:55:2] Registros: Jose Oviedo ha creado la casa ID 0.
[2020/9/15 - 18:43:31] Registros: Jose Oviedo ha creado la casa ID 1.
[2020/9/15 - 18:52:28] Registros: Jose Oviedo ha creado la casa ID 2.
[2021/2/9 - 18:39:40] Registros: Jose_Oviedo ha borrado la casa ID 185.
[2021/2/9 - 18:39:44] Registros: Jose_Oviedo ha borrado la casa ID 385.
[2021/2/9 - 19:33:13] Registros: Jose_Oviedo ha borrado la casa ID 302.
