[2020/1/2 - 20:19:37] Lucas Becerra creó [M-450 C1-1 C2-1] a Lucas Becerra
[2020/1/2 - 20:21:4] Lucas Becerra creó [M-450 C1-1 C2-1] a Lucas Becerra
[2020/1/2 - 20:21:30] Lucas Becerra creó [M-580 C1-1 C2-1] a Lucas Becerra
[2020/1/4 - 5:47:47] Annie creó [M-400 C1-0 C2-0] a Annie
[2020/1/4 - 5:54:2] Annie creó [M-425 C1-0 C2-0] a Annie
[2020/1/4 - 6:15:7] Annie creó [M-426 C1-3 C2-3] a Annie
[2020/1/4 - 6:53:9] Templario creó [M-450 C1-0 C2-0] a Templario
[2020/1/4 - 6:53:49] Templario creó [M-426 C1-0 C2-0] a Templario
[2020/2/28 - 15:48:6] Lucas Probandolaprob creó [M-452 C1-1 C2-1] a Lucas Probandolaprob
[2020/3/7 - 4:51:39] Maximo Rothwell creó [M-545 C1-111 C2-111] a Maximo Rothwell
[2020/3/7 - 4:57:6] Maximo Rothwell creó [M-542 C1-0 C2-0] a Maximo Rothwell
[2020/3/7 - 4:58:0] Maximo Rothwell creó [M-535 C1-0 C2-0] a Jacob Rothwell
[2020/3/7 - 5:1:8] Maximo Rothwell creó [M-475 C1-0 C2-0] a Maximo Rothwell
[2020/3/7 - 5:5:11] Maximo Rothwell creó [M-565 C1-0 C2-0] a Maximo Rothwell
[2020/4/4 - 15:43:52] Osmel Leal creó [M-567 C1-0 C2-0] a Osmel Leal
[2020/7/24 - 4:43:5] Jonathan Mojica creó [M-400 C1-1 C2-1] a Jonathan Mojica
[2020/7/24 - 5:16:28] Jonathan Mojica creó [M-401 C1-1 C2-1] a Jonathan Mojica
[2020/7/24 - 5:16:36] Jonathan Mojica creó [M-402 C1-1 C2-1] a Jonathan Mojica
[2020/7/24 - 5:16:42] Jonathan Mojica creó [M-403 C1-1 C2-1] a Jonathan Mojica
[2020/7/24 - 5:16:49] Jonathan Mojica creó [M-404 C1-1 C2-1] a Jonathan Mojica
[2020/7/24 - 5:16:55] Jonathan Mojica creó [M-406 C1-1 C2-1] a Jonathan Mojica
[2020/7/24 - 14:41:33] Jonathan Mojica creó [M-522 C1-1 C2-1] a Jonathan Mojica
[2020/7/25 - 22:9:41] Jonathan Mojica creó [M-400 C1-1 C2-1] a Jonathan Mojica
[2020/7/26 - 1:32:51] Jonathan Mojica creó [M-514 C1-1 C2-1] a Jonathan Mojica
[2020/8/11 - 12:29:7] Jose Oviedo creo [M-411 C1-0 C2-0] a Jose Oviedo
[2020/8/11 - 14:18:10] Jose Oviedo creo [M-522 C1-0 C2-0] a Jose Oviedo
[2020/8/17 - 15:46:10] Jose Oviedo creo [M-490 C1-0 C2-0] a Jose Oviedo
[2020/8/17 - 15:47:52] Jose Oviedo creo [M-560 C1-0 C2-0] a Jose Oviedo
[2020/8/17 - 15:50:10] Jose Oviedo creo [M-427 C1-0 C2-0] a Jose Oviedo
[2020/8/17 - 15:51:42] Jose Oviedo creo [M-497 C1-0 C2-0] a Jose Oviedo
[2020/8/26 - 14:53:50] Jose Oviedo creo [M-411 C1-0 C2-0] a Jose Oviedo
[2020/8/31 - 16:15:4] Jose Oviedo creo [M-522 C1-0 C2-0] a Jose Oviedo
[2020/9/17 - 16:19:16] Jose Oviedo creo [M-407 C1-0 C2-0] a Jose Oviedo
[2020/9/17 - 16:19:29] Jose Oviedo creo [M-408 C1-0 C2-0] a Jose Oviedo
[2020/9/17 - 16:19:43] Jose Oviedo creo [M-408 C1-0 C2-0] a Jose Oviedo
[2020/9/17 - 16:20:2] Jose Oviedo creo [M-408 C1-0 C2-0] a Jose Oviedo
[2020/9/17 - 16:20:35] Jose Oviedo creo [M-408 C1-0 C2-0] a Jose Oviedo
[2020/9/17 - 17:29:1] Jose Oviedo creo [M-451 C1-0 C2-0] a Jose Oviedo
[2021/2/10 - 1:19:13] Jose Oviedo creo [M-522 C1-0 C2-0] a Jose Oviedo
[2021/2/10 - 1:19:56] Jose Oviedo creo [M-411 C1-0 C2-0] a Jose Oviedo
