[2020/1/4 - 5:24:12] Registros: Annie ha creado un objeto [Nombre: UZI] [Cantidad: 999]
[2020/1/4 - 5:24:47] Registros: Annie ha creado un objeto [Nombre: Desert Eagle] [Cantidad: 333]
[2020/1/4 - 5:26:0] Registros: Annie ha creado un objeto [Nombre: C. Cigarrillos] [Cantidad: 3]
[2020/1/4 - 5:26:10] Registros: Annie ha creado un objeto [Nombre: C. Cargadores UZI] [Cantidad: 3]
[2020/1/4 - 5:45:19] Registros: Annie ha creado un objeto [Nombre: Escopeta] [Cantidad: 99]
[2020/1/4 - 5:45:54] Registros: Annie ha creado un objeto [Nombre: C. Escopeta de combate] [Cantidad: 999]
[2020/1/4 - 5:47:12] Registros: Annie ha creado un objeto [Nombre: AK47] [Cantidad: 9999]
[2020/1/4 - 5:49:3] Registros: Annie ha creado un objeto [Nombre: Desert Eagle] [Cantidad: 999]
[2020/1/7 - 0:19:56] Registros: Lucas Becerra ha creado un objeto [Nombre: Caña de pesca] [Cantidad: 1]
[2020/1/7 - 0:41:49] Registros: Templario ha creado un objeto [Nombre: Desert Eagle] [Cantidad: 444]
[2020/1/7 - 0:54:42] Registros: Lucas Becerra ha creado un objeto [Nombre: Desert Eagle] [Cantidad: 1000]
[2020/1/7 - 0:55:51] Registros: Templario ha creado un objeto [Nombre: Escopeta] [Cantidad: 33]
[2020/1/10 - 8:39:29] Registros: Lucas Becerra ha creado un objeto [Nombre: Desert Eagle] [Cantidad: 1000]
[2020/1/21 - 7:39:21] Registros: Lucas Becerra ha creado un objeto [Nombre: Minigun] [Cantidad: 100]
[2020/1/24 - 16:36:39] Registros: Lucas Becerra ha creado un objeto [Nombre: RPG Cohete] [Cantidad: 100]
[2020/1/24 - 16:44:14] Registros: Annie Foster ha creado un objeto [Nombre: AK47] [Cantidad: 999999]
[2020/1/24 - 16:45:31] Registros: Annie Foster ha creado un objeto [Nombre: M4] [Cantidad: 77777]
[2020/1/24 - 16:51:33] Registros: Annie Foster ha creado un objeto [Nombre: M4] [Cantidad: 7777]
[2020/1/24 - 16:58:14] Registros: Jennifer Lawrence ha creado un objeto [Nombre: MP5K] [Cantidad: 199]
[2020/1/24 - 17:0:49] Registros: Annie Foster ha creado un objeto [Nombre: Desert Eagle] [Cantidad: 555]
[2020/1/24 - 17:3:18] Registros: Jennifer Lawrence ha creado un objeto [Nombre: Desert Eagle] [Cantidad: 100]
[2020/1/24 - 17:13:38] Registros: Jennifer Lawrence ha creado un objeto [Nombre: Desert Eagle] [Cantidad: 10]
[2020/1/24 - 17:14:9] Registros: Jennifer Lawrence ha creado un objeto [Nombre: Desert Eagle] [Cantidad: 10]
[2020/1/24 - 17:14:14] Registros: Jefferson McQueen ha creado un objeto [Nombre: Desert Eagle] [Cantidad: 9999]
[2020/1/24 - 17:15:27] Registros: Jefferson McQueen ha creado un objeto [Nombre: M4] [Cantidad: 9999]
[2020/1/24 - 17:20:44] Registros: Jennifer Lawrence ha creado un objeto [Nombre: Desert Eagle] [Cantidad: 100]
[2020/1/24 - 17:24:23] Registros: Jefferson McQueen ha creado un objeto [Nombre: Desert Eagle] [Cantidad: 9999]
[2020/1/24 - 17:30:23] Registros: Jennifer Lawrence ha creado un objeto [Nombre: Desert Eagle] [Cantidad: 100]
[2020/1/24 - 17:30:56] Registros: Jennifer Lawrence ha creado un objeto [Nombre: Desert Eagle] [Cantidad: 100]
[2020/1/24 - 17:31:28] Registros: Jefferson McQueen ha creado un objeto [Nombre: Escopeta de combate] [Cantidad: 9999]
[2020/1/24 - 17:31:44] Registros: Jennifer Lawrence ha creado un objeto [Nombre: Escopeta de combate] [Cantidad: 100]
[2020/2/7 - 9:47:55] Registros: Lucas Becerra ha creado un objeto [Nombre: Cargador 45. Colt] [Cantidad: 10]
[2020/2/7 - 10:8:19] Registros: Lucas Becerra ha creado un objeto [Nombre: C4] [Cantidad: 1]
[2020/2/7 - 10:54:45] Registros: Lucas Becerra ha creado un objeto [Nombre: Caja vacía] [Cantidad: 100]
[2020/2/7 - 10:57:23] Registros: Lucas Becerra ha creado un objeto [Nombre: Caja vacía] [Cantidad: 12]
[2020/2/7 - 11:12:36] Registros: Lucas Becerra ha creado un objeto [Nombre: Caja vacía] [Cantidad: 1]
[2020/2/7 - 11:15:16] Registros: Lucas Becerra ha creado un objeto [Nombre: Caja vacía] [Cantidad: 10]
[2020/2/8 - 4:13:48] Registros: Lucas Becerra ha creado un objeto [Nombre: C4] [Cantidad: 1]
[2020/2/8 - 4:33:24] Registros: Lucas Becerra ha creado un objeto [Nombre: Caja vacía] [Cantidad: 1]
[2020/2/8 - 5:29:35] Registros: Lucas Becerra ha creado un objeto [Nombre: C4] [Cantidad: 1]
[2020/2/8 - 5:45:27] Registros: Lucas Becerra ha creado un objeto [Nombre: C4] [Cantidad: 1]
[2020/2/8 - 5:45:37] Registros: Lucas Becerra ha creado un objeto [Nombre: C4] [Cantidad: 1]
[2020/2/8 - 7:53:22] Registros: Lucas Becerra ha creado un objeto [Nombre: C4] [Cantidad: 1]
[2020/2/8 - 8:3:15] Registros: Lucas Becerra ha creado un objeto [Nombre: C4] [Cantidad: 1]
[2020/2/8 - 8:5:54] Registros: Lucas Becerra ha creado un objeto [Nombre: C4] [Cantidad: 1]
[2020/2/21 - 16:15:18] Registros: Lucas Buenardo ha creado un objeto [Nombre: C4] [Cantidad: 1]
[2020/2/22 - 19:51:31] Registros: Lucas Buenardo ha creado un objeto [Nombre: Caja vacía] [Cantidad: 1]
[2020/2/24 - 14:9:2] Registros: Lucas Buenardo ha creado un objeto [Nombre: Autografo de Lucas] [Cantidad: 1]
[2020/2/24 - 16:30:19] Registros: Lucas Buenardo ha creado un objeto [Nombre: Palo de golf] [Cantidad: 1]
[2020/2/24 - 16:38:52] Registros: Lucas Buenardo ha creado un objeto [Nombre: Semilla marihuana] [Cantidad: 1000]
[2020/2/24 - 16:53:45] Registros: Lucas Buenardo ha creado un objeto [Nombre: UZI] [Cantidad: 1]
[2020/2/24 - 16:54:9] Registros: Lucas Buenardo ha creado un objeto [Nombre: Cargador UZI] [Cantidad: 1]
[2020/2/24 - 16:54:21] Registros: Lucas Buenardo ha creado un objeto [Nombre: Cargador UZI] [Cantidad: 1111]
[2020/2/24 - 21:52:55] Registros: Lucas Buenardo ha creado un objeto [Nombre: Cargador UZI] [Cantidad: 100]
[2020/2/29 - 16:21:57] Registros: Annie Foster ha creado un objeto [Nombre: Jetpack] [Cantidad: 1]
[2020/3/3 - 4:4:33] Registros: Annie Foster ha creado un objeto [Nombre: Ganzua] [Cantidad: 1]
[2020/3/5 - 3:26:46] Registros: Lucas Becerra ha creado un objeto [Nombre: C4] [Cantidad: 1]
[2020/3/5 - 3:28:26] Registros: Lucas Becerra ha creado un objeto [Nombre: Porro] [Cantidad: 1]
[2020/3/5 - 3:28:33] Registros: Lucas Becerra ha creado un objeto [Nombre: Autografo de Lucas] [Cantidad: 1]
[2020/3/5 - 3:28:56] Registros: Lucas Becerra ha creado un objeto [Nombre: Jetpack] [Cantidad: 1]
[2020/3/5 - 4:33:54] Registros: Lucas Becerra ha creado un objeto [Nombre: Jetpack] [Cantidad: 1]
[2020/3/5 - 4:34:3] Registros: Lucas Becerra ha creado un objeto [Nombre: Autografo de Lucas] [Cantidad: 1]
[2020/3/5 - 4:34:10] Registros: Lucas Becerra ha creado un objeto [Nombre: C4] [Cantidad: 1]
[2020/3/7 - 4:9:49] Registros: Patricia Valor ha creado un objeto [Nombre: Jetpack] [Cantidad: 1]
[2020/3/7 - 4:26:31] Registros: Patricia Valor ha creado un objeto [Nombre: C4] [Cantidad: 1]
[2020/3/7 - 4:28:40] Registros: Patricia Valor ha creado un objeto [Nombre: Porro] [Cantidad: 1]
[2020/3/7 - 4:29:0] Registros: Patricia Valor ha creado un objeto [Nombre: Porro] [Cantidad: 1]
[2020/3/7 - 4:29:4] Registros: Patricia Valor ha creado un objeto [Nombre: Porro] [Cantidad: 1]
[2020/3/7 - 4:55:0] Registros: Patricia Valor ha creado un objeto [Nombre: RPG Cohete] [Cantidad: 100]
[2020/3/7 - 4:56:33] Registros: Patricia Valor ha creado un objeto [Nombre: Desert Eagle] [Cantidad: 1]
[2020/3/7 - 4:56:35] Registros: Patricia Valor ha creado un objeto [Nombre: Desert Eagle] [Cantidad: 1]
[2020/3/7 - 4:56:53] Registros: Patricia Valor ha creado un objeto [Nombre: Desert Eagle] [Cantidad: 100]
[2020/3/7 - 4:56:56] Registros: Patricia Valor ha creado un objeto [Nombre: Desert Eagle] [Cantidad: 100]
[2020/3/7 - 5:12:22] Registros: Patricia Valor ha creado un objeto [Nombre: Desert Eagle] [Cantidad: 100]
[2020/3/7 - 11:22:36] Registros: Patricia Valor ha creado un objeto [Nombre: Desert Eagle] [Cantidad: 1]
[2020/3/7 - 11:22:39] Registros: Patricia Valor ha creado un objeto [Nombre: Desert Eagle] [Cantidad: 199]
[2020/3/10 - 6:58:45] Registros: Patricia Valor ha creado un objeto [Nombre: Teléfono] [Cantidad: 1]
[2020/7/24 - 20:41:53] Registros: Jonathan Mojica ha creado un objeto [Nombre: Rifle de caza] [Cantidad: 40]
[2020/7/28 - 3:45:49] Registros: Jose Oviedo ha creado un objeto [Nombre: AK47] [Cantidad: 50]
[2020/7/28 - 3:47:55] Registros: Jose Oviedo ha creado un objeto [Nombre: AK47] [Cantidad: 50]
[2020/8/1 - 6:2:6] Registros: Jose Oviedo ha creado un objeto [Nombre: Jetpack] [Cantidad: 1]
[2020/8/1 - 6:2:27] Registros: Jose Oviedo ha creado un objeto [Nombre: Maso] [Cantidad: 1]
[2020/8/1 - 6:3:57] Registros: Jose Oviedo ha creado un objeto [Nombre: Maso] [Cantidad: 1]
[2020/8/3 - 18:3:27] Registros: Jose Oviedo ha creado un objeto [Nombre: Maso] [Cantidad: 1]
[2020/8/7 - 10:25:3] Registros: Jose Oviedo ha creado un objeto [Nombre: Telefono B] [Cantidad: 1]
[2020/8/7 - 11:48:17] Registros: Jose Oviedo ha creado un objeto [Nombre: Tarjeta de debito] [Cantidad: 1]
[2020/8/10 - 18:10:44] Registros: Jose Oviedo ha creado un objeto [Nombre: Desert Eagle] [Cantidad: 50]
[2020/8/11 - 9:4:24] Registros: Jose Oviedo ha creado un objeto [Nombre: Desert Eagle] [Cantidad: 50]
[2020/8/11 - 11:13:52] Registros: Jose Oviedo ha creado un objeto [Nombre: Telefono B] [Cantidad: 1]
[2020/8/17 - 9:20:30] Registros: Jose Oviedo ha creado un objeto [Nombre: Desert Eagle] [Cantidad: 50]
[2020/8/17 - 9:41:58] Registros: Jose Oviedo ha creado un objeto [Nombre: Desert Eagle] [Cantidad: 50]
[2020/8/17 - 9:42:4] Registros: Jose Oviedo ha creado un objeto [Nombre: Desert Eagle] [Cantidad: 50]
[2020/8/17 - 9:59:3] Registros: Jose Oviedo ha creado un objeto [Nombre: Desert Eagle] [Cantidad: 50]
[2020/8/17 - 9:59:8] Registros: Jose Oviedo ha creado un objeto [Nombre: Desert Eagle] [Cantidad: 50]
[2020/8/17 - 10:40:51] Registros: Jose Oviedo ha creado un objeto [Nombre: Desert Eagle] [Cantidad: 50]
[2020/8/17 - 10:40:55] Registros: Jose Oviedo ha creado un objeto [Nombre: Desert Eagle] [Cantidad: 50]
[2020/8/17 - 10:47:4] Registros: Jose Oviedo ha creado un objeto [Nombre: Desert Eagle] [Cantidad: 50]
[2020/8/17 - 10:47:7] Registros: Jose Oviedo ha creado un objeto [Nombre: Desert Eagle] [Cantidad: 50]
[2020/8/17 - 10:47:10] Registros: Jose Oviedo ha creado un objeto [Nombre: Desert Eagle] [Cantidad: 50]
[2020/8/17 - 10:59:9] Registros: Jose Oviedo ha creado un objeto [Nombre: Desert Eagle] [Cantidad: 50]
[2020/8/17 - 10:59:11] Registros: Jose Oviedo ha creado un objeto [Nombre: Desert Eagle] [Cantidad: 50]
[2020/8/17 - 10:59:13] Registros: Jose Oviedo ha creado un objeto [Nombre: Desert Eagle] [Cantidad: 50]
[2020/8/17 - 11:1:49] Registros: Jose Oviedo ha creado un objeto [Nombre: Desert Eagle] [Cantidad: 50]
[2020/8/17 - 11:1:52] Registros: Jose Oviedo ha creado un objeto [Nombre: Desert Eagle] [Cantidad: 50]
[2020/8/17 - 11:1:54] Registros: Jose Oviedo ha creado un objeto [Nombre: Desert Eagle] [Cantidad: 50]
[2020/8/17 - 11:7:16] Registros: Jose Oviedo ha creado un objeto [Nombre: Caja vacia] [Cantidad: 1]
[2020/8/17 - 14:21:39] Registros: Jose Oviedo ha creado un objeto [Nombre: Desert Eagle] [Cantidad: 50]
[2020/8/17 - 14:21:42] Registros: Jose Oviedo ha creado un objeto [Nombre: Desert Eagle] [Cantidad: 50]
[2020/8/22 - 14:7:25] Registros: Jose Oviedo ha creado un objeto [Nombre: Desert Eagle] [Cantidad: 50]
[2020/8/22 - 14:9:11] Registros: Jose Oviedo ha creado un objeto [Nombre: Escopeta de combate] [Cantidad: 999]
[2020/8/24 - 14:42:3] Registros: Jose Oviedo ha creado un objeto [Nombre: Botiquin] [Cantidad: 1]
[2020/8/28 - 12:14:48] Registros: Jose Oviedo ha creado un objeto [Nombre: Bolsa de repuestos] [Cantidad: 999]
[2020/8/31 - 2:3:52] Registros: Jose Oviedo ha creado un objeto [Nombre: Desert Eagle] [Cantidad: 50]
[2020/8/31 - 2:21:37] Registros: Jose Oviedo ha creado un objeto [Nombre: Desert Eagle] [Cantidad: 50]
[2020/8/31 - 2:21:43] Registros: Jose Oviedo ha creado un objeto [Nombre: Bolsita de marihuana] [Cantidad: 5]
[2020/8/31 - 16:15:25] Registros: Jose Oviedo ha creado un objeto [Nombre: Telefono B] [Cantidad: 1]
[2020/8/31 - 17:55:41] Registros: Jose Oviedo ha creado un objeto [Nombre: Desert Eagle] [Cantidad: 50]
[2020/9/1 - 3:9:44] Registros: Jose Oviedo ha creado un objeto [Nombre: Desert Eagle] [Cantidad: 55]
[2020/9/1 - 23:13:28] Registros: Jose Oviedo ha creado un objeto [Nombre: Telefono B] [Cantidad: 1]
[2020/9/3 - 3:9:7] Registros: Jose Oviedo ha creado un objeto [Nombre: Caja vacia] [Cantidad: 1]
[2020/9/3 - 3:9:28] Registros: Jose Oviedo ha creado un objeto [Nombre: Caja vacia] [Cantidad: 5]
[2020/9/3 - 3:9:33] Registros: Jose Oviedo ha creado un objeto [Nombre: C. 45. Colt] [Cantidad: 5]
[2020/9/3 - 3:14:8] Registros: Jose Oviedo ha creado un objeto [Nombre: C. Chalecos] [Cantidad: 5]
[2020/9/19 - 4:9:47] Registros: Jose Oviedo ha creado un objeto [Nombre: Telefono B] [Cantidad: 1]
[2020/9/24 - 4:15:28] Registros: Jose Oviedo ha creado un objeto [Nombre: Escopeta de combate] [Cantidad: 999]
[2020/9/25 - 2:4:25] Registros: Jose Oviedo ha creado un objeto [Nombre: Telefono B] [Cantidad: 1]
