[2020/1/2 - 11:21:16] Registros: Lucas Becerra Dio VIP Ultra a Lucas Becerra.
[2020/1/24 - 17:49:38] Registros: Annie Dio VIP Ultra a Annie.
[2020/2/8 - 4:28:16] Registros: Lucas Becerra Dio VIP Ultra a iiiii iiiii.
[2020/2/28 - 15:35:36] Registros: Annie Foster Dio VIP Ultra a Annie Foster.
[2020/2/28 - 15:35:54] Registros: Annie Foster Dio VIP Avanzado a Annie Foster.
[2020/2/28 - 15:43:47] Registros: Lucas Probandolaprob Dio VIP Ultra a Lucas Probandolaprob.
[2020/2/28 - 15:48:25] Registros: Lucas Probandolaprob Dio VIP Avanzado a Lucas Probandolaprob.
[2020/3/4 - 23:16:2] Registros: Patricia Valor Dio VIP Ultra a Patricia Valor.
[2020/3/5 - 3:53:55] Registros: Lucas Becerra Dio VIP Ultra a Noah Rothwell.
[2020/3/5 - 3:54:3] Registros: Lucas Becerra Dio VIP Ultra a Lucas Becerra.
[2020/3/5 - 4:1:28] Registros: Lucas Becerra Dio VIP Ultra a Noah Brown.
[2020/3/7 - 4:25:59] Registros: Patricia Valor Dio VIP Ultra a Patricia Valor.
[2020/7/24 - 14:7:42] Registros: Jonathan Mojica Dio VIP Ultra a Jonathan Mojica.
[2020/7/24 - 14:7:47] Registros: Jonathan Mojica Dio VIP Ultra a Jonathan Mojica.
[2020/8/10 - 15:10:27] Registros: Jose Oviedo Dio VIP Ultra a Jose Oviedo.
[2020/8/31 - 16:11:1] Registros: Jose Oviedo Dio VIP Ultra a Jose Oviedo.
[2020/9/1 - 17:23:16] Registros: Jose Oviedo Dio VIP Ultra a Jose Oviedo.
[2020/9/20 - 22:58:52] Registros: Jose Oviedo Dio VIP Avanzado a Jose Oviedo.
[2020/9/21 - 0:11:54] Registros: Jose Oviedo Dio VIP Avanzado a Jose Oviedo.
[2020/9/21 - 0:22:52] Registros: Jose Oviedo Dio VIP Avanzado a Jose Oviedo.
[2020/9/21 - 0:50:29] Registros: Jose Oviedo Dio VIP Avanzado a Jose Oviedo.
[2020/9/21 - 0:50:39] Registros: Jose Oviedo Dio VIP Ultra a Jose Oviedo.
[2021/2/10 - 0:7:44] Registros: Jose Oviedo Compro VIP ULTRA.
